<?xml version="1.0" encoding="UTF-8"?>
<testng-results skipped="0" failed="1" ignored="0" total="3" passed="2">
  <reporter-output>
  </reporter-output>
  <suite name="Default suite" duration-ms="42963" started-at="2019-01-09T13:48:33Z" finished-at="2019-01-09T13:49:16Z">
    <groups>
    </groups>
    <test name="Default test" duration-ms="42963" started-at="2019-01-09T13:48:33Z" finished-at="2019-01-09T13:49:16Z">
      <class name="TinderFramework.Tinder.DoSwipeRightTinder">
        <test-method status="PASS" signature="beforeClass()[pri:0, instance:TinderFramework.Tinder.DoSwipeRightTinder@314a31b0]" name="beforeClass" is-config="true" duration-ms="5535" started-at="2019-01-09T13:48:33Z" finished-at="2019-01-09T13:48:38Z">
          <reporter-output>
          </reporter-output>
        </test-method> <!-- beforeClass -->
        <test-method status="PASS" signature="beforeClass()[pri:0, instance:TinderFramework.Tinder.OpenTinderPage@2753316c]" name="beforeClass" is-config="true" duration-ms="5363" started-at="2019-01-09T13:48:38Z" finished-at="2019-01-09T13:48:44Z">
          <reporter-output>
          </reporter-output>
        </test-method> <!-- beforeClass -->
        <test-method status="PASS" signature="beforeClass()[pri:0, instance:TinderFramework.Tinder.SignUpToTinder@59edb4f5]" name="beforeClass" is-config="true" duration-ms="3714" started-at="2019-01-09T13:48:44Z" finished-at="2019-01-09T13:48:47Z">
          <reporter-output>
          </reporter-output>
        </test-method> <!-- beforeClass -->
        <test-method status="FAIL" signature="openTinderPage()[pri:0, instance:TinderFramework.Tinder.DoSwipeRightTinder@314a31b0]" name="openTinderPage" duration-ms="16642" started-at="2019-01-09T13:48:47Z" finished-at="2019-01-09T13:49:04Z">
          <exception class="java.lang.AssertionError">
            <message>
              <![CDATA[expected [https://tinder.com/app/recs] but found [https://tinder.com/]]]>
            </message>
            <full-stacktrace>
              <![CDATA[java.lang.AssertionError: expected [https://tinder.com/app/recs] but found [https://tinder.com/]
at org.testng.Assert.fail(Assert.java:96)
at org.testng.Assert.failNotEquals(Assert.java:776)
at org.testng.Assert.assertEqualsImpl(Assert.java:137)
at org.testng.Assert.assertEquals(Assert.java:118)
at org.testng.Assert.assertEquals(Assert.java:453)
at org.testng.Assert.assertEquals(Assert.java:463)
at TinderFramework.Tinder.DoSwipeRightTinder.openTinderPage(DoSwipeRightTinder.java:26)
at sun.reflect.NativeMethodAccessorImpl.invoke0(Native Method)
at sun.reflect.NativeMethodAccessorImpl.invoke(Unknown Source)
at sun.reflect.DelegatingMethodAccessorImpl.invoke(Unknown Source)
at java.lang.reflect.Method.invoke(Unknown Source)
at org.testng.internal.MethodInvocationHelper.invokeMethod(MethodInvocationHelper.java:124)
at org.testng.internal.Invoker.invokeMethod(Invoker.java:580)
at org.testng.internal.Invoker.invokeTestMethod(Invoker.java:716)
at org.testng.internal.Invoker.invokeTestMethods(Invoker.java:988)
at org.testng.internal.TestMethodWorker.invokeTestMethods(TestMethodWorker.java:125)
at org.testng.internal.TestMethodWorker.run(TestMethodWorker.java:109)
at org.testng.TestRunner.privateRun(TestRunner.java:648)
at org.testng.TestRunner.run(TestRunner.java:505)
at org.testng.SuiteRunner.runTest(SuiteRunner.java:455)
at org.testng.SuiteRunner.runSequentially(SuiteRunner.java:450)
at org.testng.SuiteRunner.privateRun(SuiteRunner.java:415)
at org.testng.SuiteRunner.run(SuiteRunner.java:364)
at org.testng.SuiteRunnerWorker.runSuite(SuiteRunnerWorker.java:52)
at org.testng.SuiteRunnerWorker.run(SuiteRunnerWorker.java:84)
at org.testng.TestNG.runSuitesSequentially(TestNG.java:1208)
at org.testng.TestNG.runSuitesLocally(TestNG.java:1137)
at org.testng.TestNG.runSuites(TestNG.java:1049)
at org.testng.TestNG.run(TestNG.java:1017)
at org.testng.remote.AbstractRemoteTestNG.run(AbstractRemoteTestNG.java:114)
at org.testng.remote.RemoteTestNG.initAndRun(RemoteTestNG.java:251)
at org.testng.remote.RemoteTestNG.main(RemoteTestNG.java:77)
]]>
            </full-stacktrace>
          </exception> <!-- java.lang.AssertionError -->
          <reporter-output>
          </reporter-output>
        </test-method> <!-- openTinderPage -->
        <test-method status="PASS" signature="afterClass()[pri:0, instance:TinderFramework.Tinder.DoSwipeRightTinder@314a31b0]" name="afterClass" is-config="true" duration-ms="939" started-at="2019-01-09T13:49:13Z" finished-at="2019-01-09T13:49:14Z">
          <reporter-output>
          </reporter-output>
        </test-method> <!-- afterClass -->
        <test-method status="PASS" signature="afterClass()[pri:0, instance:TinderFramework.Tinder.OpenTinderPage@2753316c]" name="afterClass" is-config="true" duration-ms="1201" started-at="2019-01-09T13:49:14Z" finished-at="2019-01-09T13:49:16Z">
          <reporter-output>
          </reporter-output>
        </test-method> <!-- afterClass -->
        <test-method status="PASS" signature="afterClass()[pri:0, instance:TinderFramework.Tinder.SignUpToTinder@59edb4f5]" name="afterClass" is-config="true" duration-ms="0" started-at="2019-01-09T13:49:16Z" finished-at="2019-01-09T13:49:16Z">
          <reporter-output>
          </reporter-output>
        </test-method> <!-- afterClass -->
      </class> <!-- TinderFramework.Tinder.DoSwipeRightTinder -->
      <class name="TinderFramework.Tinder.OpenTinderPage">
        <test-method status="PASS" signature="openTinderPage()[pri:0, instance:TinderFramework.Tinder.OpenTinderPage@2753316c]" name="openTinderPage" duration-ms="5429" started-at="2019-01-09T13:49:04Z" finished-at="2019-01-09T13:49:09Z">
          <reporter-output>
          </reporter-output>
        </test-method> <!-- openTinderPage -->
      </class> <!-- TinderFramework.Tinder.OpenTinderPage -->
      <class name="TinderFramework.Tinder.SignUpToTinder">
        <test-method status="PASS" signature="signUpToTinderAction()[pri:0, instance:TinderFramework.Tinder.SignUpToTinder@59edb4f5]" name="signUpToTinderAction" duration-ms="4103" started-at="2019-01-09T13:49:09Z" finished-at="2019-01-09T13:49:13Z">
          <reporter-output>
          </reporter-output>
        </test-method> <!-- signUpToTinderAction -->
      </class> <!-- TinderFramework.Tinder.SignUpToTinder -->
    </test> <!-- Default test -->
  </suite> <!-- Default suite -->
</testng-results>
